{"/Users/sarang.tandel.ext/Desktop/Sarang/intive-clone/src/components/AllRecipies/AllRecipies.tsx": {"path":"/Users/sarang.tandel.ext/Desktop/Sarang/intive-clone/src/components/AllRecipies/AllRecipies.tsx","statementMap":{"0":{"start":{"line":7,"column":16},"end":{"line":29,"column":1}},"1":{"start":{"line":31,"column":14},"end":{"line":33,"column":1}},"2":{"start":{"line":35,"column":14},"end":{"line":53,"column":1}},"3":{"start":{"line":57,"column":15},"end":{"line":57,"column":36}},"4":{"start":{"line":58,"column":18},"end":{"line":58,"column":49}},"5":{"start":{"line":60,"column":2},"end":{"line":83,"column":4}},"6":{"start":{"line":63,"column":8},"end":{"line":80,"column":15}}},"fnMap":{"0":{"name":"AllRecipies","decl":{"start":{"line":55,"column":9},"end":{"line":55,"column":20}},"loc":{"start":{"line":55,"column":23},"end":{"line":84,"column":1}},"line":55},"1":{"name":"(anonymous_1)","decl":{"start":{"line":62,"column":19},"end":{"line":62,"column":20}},"loc":{"start":{"line":63,"column":8},"end":{"line":80,"column":15}},"line":63}},"branchMap":{},"s":{"0":1,"1":1,"2":1,"3":3,"4":3,"5":3,"6":12},"f":{"0":3,"1":12},"b":{},"_coverageSchema":"1a1c01bbd47fc00a2c39e90264f33305004495a9","hash":"f6be35869414a74b751a6caa42ffa4e9e9bf9d31"}
,"/Users/sarang.tandel.ext/Desktop/Sarang/intive-clone/src/components/Footer/Footer.tsx": {"path":"/Users/sarang.tandel.ext/Desktop/Sarang/intive-clone/src/components/Footer/Footer.tsx","statementMap":{"0":{"start":{"line":4,"column":2},"end":{"line":6,"column":3}}},"fnMap":{"0":{"name":"FooterDiv","decl":{"start":{"line":3,"column":9},"end":{"line":3,"column":18}},"loc":{"start":{"line":3,"column":21},"end":{"line":7,"column":1}},"line":3}},"branchMap":{},"s":{"0":1},"f":{"0":1},"b":{},"_coverageSchema":"1a1c01bbd47fc00a2c39e90264f33305004495a9","hash":"f7ddd9c4de4d4192eb4dbec4a425b9f360858a73"}
,"/Users/sarang.tandel.ext/Desktop/Sarang/intive-clone/src/components/FrontImage/MainImage.tsx": {"path":"/Users/sarang.tandel.ext/Desktop/Sarang/intive-clone/src/components/FrontImage/MainImage.tsx","statementMap":{"0":{"start":{"line":6,"column":15},"end":{"line":14,"column":1}},"1":{"start":{"line":15,"column":18},"end":{"line":26,"column":1}},"2":{"start":{"line":27,"column":17},"end":{"line":30,"column":1}},"3":{"start":{"line":31,"column":15},"end":{"line":35,"column":1}},"4":{"start":{"line":37,"column":4},"end":{"line":57,"column":6}}},"fnMap":{"0":{"name":"MainImage","decl":{"start":{"line":36,"column":9},"end":{"line":36,"column":18}},"loc":{"start":{"line":36,"column":21},"end":{"line":58,"column":1}},"line":36}},"branchMap":{},"s":{"0":1,"1":1,"2":1,"3":1,"4":8},"f":{"0":8},"b":{},"_coverageSchema":"1a1c01bbd47fc00a2c39e90264f33305004495a9","hash":"681b22d1473615027310b86074c79cf96c407cfa"}
,"/Users/sarang.tandel.ext/Desktop/Sarang/intive-clone/src/components/Layout/Layout.tsx": {"path":"/Users/sarang.tandel.ext/Desktop/Sarang/intive-clone/src/components/Layout/Layout.tsx","statementMap":{"0":{"start":{"line":4,"column":16},"end":{"line":6,"column":1}},"1":{"start":{"line":8,"column":4},"end":{"line":13,"column":6}}},"fnMap":{"0":{"name":"Layout","decl":{"start":{"line":7,"column":9},"end":{"line":7,"column":15}},"loc":{"start":{"line":7,"column":55},"end":{"line":14,"column":1}},"line":7}},"branchMap":{},"s":{"0":1,"1":1},"f":{"0":1},"b":{},"_coverageSchema":"1a1c01bbd47fc00a2c39e90264f33305004495a9","hash":"fff7047a766b664389af992adfb74e91aa459bdf"}
,"/Users/sarang.tandel.ext/Desktop/Sarang/intive-clone/src/components/Navbar/Navbar.tsx": {"path":"/Users/sarang.tandel.ext/Desktop/Sarang/intive-clone/src/components/Navbar/Navbar.tsx","statementMap":{"0":{"start":{"line":5,"column":12},"end":{"line":33,"column":1}},"1":{"start":{"line":36,"column":4},"end":{"line":55,"column":5}}},"fnMap":{"0":{"name":"Navbar","decl":{"start":{"line":35,"column":9},"end":{"line":35,"column":15}},"loc":{"start":{"line":35,"column":18},"end":{"line":56,"column":1}},"line":35}},"branchMap":{},"s":{"0":2,"1":6},"f":{"0":6},"b":{},"_coverageSchema":"1a1c01bbd47fc00a2c39e90264f33305004495a9","hash":"e63ca6f2ad46c170c8ca05dddb6e8867cc359e5e"}
,"/Users/sarang.tandel.ext/Desktop/Sarang/intive-clone/src/components/RecipieDetails/RecipieDetails.tsx": {"path":"/Users/sarang.tandel.ext/Desktop/Sarang/intive-clone/src/components/RecipieDetails/RecipieDetails.tsx","statementMap":{"0":{"start":{"line":7,"column":16},"end":{"line":22,"column":1}},"1":{"start":{"line":23,"column":15},"end":{"line":25,"column":1}},"2":{"start":{"line":36,"column":4},"end":{"line":67,"column":6}},"3":{"start":{"line":56,"column":24},"end":{"line":58,"column":31}},"4":{"start":{"line":62,"column":24},"end":{"line":62,"column":37}}},"fnMap":{"0":{"name":"RecipieDetails","decl":{"start":{"line":26,"column":9},"end":{"line":26,"column":23}},"loc":{"start":{"line":35,"column":8},"end":{"line":68,"column":1}},"line":35},"1":{"name":"(anonymous_1)","decl":{"start":{"line":55,"column":31},"end":{"line":55,"column":32}},"loc":{"start":{"line":56,"column":24},"end":{"line":58,"column":31}},"line":56},"2":{"name":"(anonymous_2)","decl":{"start":{"line":61,"column":32},"end":{"line":61,"column":33}},"loc":{"start":{"line":62,"column":24},"end":{"line":62,"column":37}},"line":62}},"branchMap":{},"s":{"0":0,"1":0,"2":0,"3":0,"4":0},"f":{"0":0,"1":0,"2":0},"b":{}}
,"/Users/sarang.tandel.ext/Desktop/Sarang/intive-clone/src/components/TopBrand/TopBrand.tsx": {"path":"/Users/sarang.tandel.ext/Desktop/Sarang/intive-clone/src/components/TopBrand/TopBrand.tsx","statementMap":{"0":{"start":{"line":5,"column":16},"end":{"line":68,"column":1}},"1":{"start":{"line":71,"column":4},"end":{"line":205,"column":6}}},"fnMap":{"0":{"name":"TopBrand","decl":{"start":{"line":70,"column":9},"end":{"line":70,"column":17}},"loc":{"start":{"line":70,"column":20},"end":{"line":206,"column":1}},"line":70}},"branchMap":{},"s":{"0":0,"1":0},"f":{"0":0},"b":{}}
}
