TN:
SF:src/components/AllRecipies/AllRecipies.tsx
FN:55,AllRecipies
FN:62,(anonymous_1)
FNF:2
FNH:2
FNDA:3,AllRecipies
FNDA:12,(anonymous_1)
DA:7,1
DA:31,1
DA:35,1
DA:57,3
DA:58,3
DA:60,3
DA:63,12
LF:7
LH:7
BRF:0
BRH:0
end_of_record
TN:
SF:src/components/Footer/Footer.tsx
FN:3,FooterDiv
FNF:1
FNH:1
FNDA:1,FooterDiv
DA:4,1
LF:1
LH:1
BRF:0
BRH:0
end_of_record
TN:
SF:src/components/FrontImage/MainImage.tsx
FN:36,MainImage
FNF:1
FNH:1
FNDA:8,MainImage
DA:6,1
DA:15,1
DA:27,1
DA:31,1
DA:37,8
LF:5
LH:5
BRF:0
BRH:0
end_of_record
TN:
SF:src/components/Layout/Layout.tsx
FN:7,Layout
FNF:1
FNH:1
FNDA:1,Layout
DA:4,1
DA:8,1
LF:2
LH:2
BRF:0
BRH:0
end_of_record
TN:
SF:src/components/Navbar/Navbar.tsx
FN:35,Navbar
FNF:1
FNH:1
FNDA:6,Navbar
DA:5,2
DA:36,6
LF:2
LH:2
BRF:0
BRH:0
end_of_record
TN:
SF:src/components/RecipieDetails/RecipieDetails.tsx
FN:26,RecipieDetails
FN:55,(anonymous_1)
FN:61,(anonymous_2)
FNF:3
FNH:0
FNDA:0,RecipieDetails
FNDA:0,(anonymous_1)
FNDA:0,(anonymous_2)
DA:7,0
DA:23,0
DA:36,0
DA:56,0
DA:62,0
LF:5
LH:0
BRF:0
BRH:0
end_of_record
TN:
SF:src/components/TopBrand/TopBrand.tsx
FN:70,TopBrand
FNF:1
FNH:0
FNDA:0,TopBrand
DA:5,0
DA:71,0
LF:2
LH:0
BRF:0
BRH:0
end_of_record
